[2022-09-06 19:03:38.212] [INFO ] [main] com.springboot.api.ApiApplication Starting ApiApplication using Java 11.0.16 on DESKTOP-OR4BTQ0 with PID 23480 (C:\Users\Kim_Jin_Han\Desktop\Programming\Git\ProgrammingLearn\Spring\bootcoreguide\api\target\classes started by Kim_Jin_Han in C:\Users\Kim_Jin_Han\Desktop\Programming\Git\ProgrammingLearn\Spring\bootcoreguide\api)
[2022-09-06 19:03:38.218] [INFO ] [main] com.springboot.api.ApiApplication No active profile set, falling back to 1 default profile: "default"
[2022-09-06 19:03:40.332] [INFO ] [main] org.springframework.boot.web.embedded.tomcat.TomcatWebServer Tomcat initialized with port(s): 8080 (http)
[2022-09-06 19:03:40.348] [INFO ] [main] org.apache.coyote.http11.Http11NioProtocol Initializing ProtocolHandler ["http-nio-8080"]
[2022-09-06 19:03:40.348] [INFO ] [main] org.apache.catalina.core.StandardService Starting service [Tomcat]
[2022-09-06 19:03:40.348] [INFO ] [main] org.apache.catalina.core.StandardEngine Starting Servlet engine: [Apache Tomcat/9.0.65]
[2022-09-06 19:03:40.529] [INFO ] [main] org.apache.catalina.core.ContainerBase.[Tomcat].[localhost].[/] Initializing Spring embedded WebApplicationContext
[2022-09-06 19:03:40.529] [INFO ] [main] org.springframework.boot.web.servlet.context.ServletWebServerApplicationContext Root WebApplicationContext: initialization completed in 2229 ms
[2022-09-06 19:03:41.202] [INFO ] [main] springfox.documentation.spring.web.PropertySourcedRequestMappingHandlerMapping Mapped URL path [/v2/api-docs] onto method [springfox.documentation.swagger2.web.Swagger2Controller#getDocumentation(String, HttpServletRequest)]
[2022-09-06 19:03:41.517] [INFO ] [main] org.apache.coyote.http11.Http11NioProtocol Starting ProtocolHandler ["http-nio-8080"]
[2022-09-06 19:03:41.550] [INFO ] [main] org.springframework.boot.web.embedded.tomcat.TomcatWebServer Tomcat started on port(s): 8080 (http) with context path ''
[2022-09-06 19:03:41.551] [INFO ] [main] springfox.documentation.spring.web.plugins.DocumentationPluginsBootstrapper Context refreshed
[2022-09-06 19:03:41.579] [INFO ] [main] springfox.documentation.spring.web.plugins.DocumentationPluginsBootstrapper Found 1 custom documentation plugin(s)
[2022-09-06 19:03:41.628] [INFO ] [main] springfox.documentation.spring.web.scanners.ApiListingReferenceScanner Scanning for api listing references
[2022-09-06 19:03:41.893] [INFO ] [main] com.springboot.api.ApiApplication Started ApiApplication in 4.481 seconds (JVM running for 5.085)
[2022-09-06 19:03:59.101] [INFO ] [http-nio-8080-exec-1] org.apache.catalina.core.ContainerBase.[Tomcat].[localhost].[/] Initializing Spring DispatcherServlet 'dispatcherServlet'
[2022-09-06 19:03:59.103] [INFO ] [http-nio-8080-exec-1] org.springframework.web.servlet.DispatcherServlet Initializing Servlet 'dispatcherServlet'
[2022-09-06 19:03:59.104] [INFO ] [http-nio-8080-exec-1] org.springframework.web.servlet.DispatcherServlet Completed initialization in 1 ms
[2022-09-06 19:04:07.559] [INFO ] [http-nio-8080-exec-9] com.springboot.api.controller.GetController getHello 메서드가 호출되었습니다.
[2022-09-06 19:05:08.316] [INFO ] [main] com.springboot.api.ApiApplication Starting ApiApplication using Java 11.0.16 on DESKTOP-OR4BTQ0 with PID 24920 (C:\Users\Kim_Jin_Han\Desktop\Programming\Git\ProgrammingLearn\Spring\bootcoreguide\api\target\classes started by Kim_Jin_Han in C:\Users\Kim_Jin_Han\Desktop\Programming\Git\ProgrammingLearn\Spring\bootcoreguide\api)
[2022-09-06 19:05:08.322] [INFO ] [main] com.springboot.api.ApiApplication No active profile set, falling back to 1 default profile: "default"
[2022-09-06 19:05:10.419] [INFO ] [main] org.springframework.boot.web.embedded.tomcat.TomcatWebServer Tomcat initialized with port(s): 8080 (http)
[2022-09-06 19:05:10.433] [INFO ] [main] org.apache.coyote.http11.Http11NioProtocol Initializing ProtocolHandler ["http-nio-8080"]
[2022-09-06 19:05:10.433] [INFO ] [main] org.apache.catalina.core.StandardService Starting service [Tomcat]
[2022-09-06 19:05:10.433] [INFO ] [main] org.apache.catalina.core.StandardEngine Starting Servlet engine: [Apache Tomcat/9.0.65]
[2022-09-06 19:05:10.590] [INFO ] [main] org.apache.catalina.core.ContainerBase.[Tomcat].[localhost].[/] Initializing Spring embedded WebApplicationContext
[2022-09-06 19:05:10.590] [INFO ] [main] org.springframework.boot.web.servlet.context.ServletWebServerApplicationContext Root WebApplicationContext: initialization completed in 2185 ms
[2022-09-06 19:05:11.169] [INFO ] [main] springfox.documentation.spring.web.PropertySourcedRequestMappingHandlerMapping Mapped URL path [/v2/api-docs] onto method [springfox.documentation.swagger2.web.Swagger2Controller#getDocumentation(String, HttpServletRequest)]
[2022-09-06 19:05:11.439] [INFO ] [main] org.apache.coyote.http11.Http11NioProtocol Starting ProtocolHandler ["http-nio-8080"]
[2022-09-06 19:05:11.468] [INFO ] [main] org.springframework.boot.web.embedded.tomcat.TomcatWebServer Tomcat started on port(s): 8080 (http) with context path ''
[2022-09-06 19:05:11.469] [INFO ] [main] springfox.documentation.spring.web.plugins.DocumentationPluginsBootstrapper Context refreshed
[2022-09-06 19:05:11.497] [INFO ] [main] springfox.documentation.spring.web.plugins.DocumentationPluginsBootstrapper Found 1 custom documentation plugin(s)
[2022-09-06 19:05:11.531] [INFO ] [main] springfox.documentation.spring.web.scanners.ApiListingReferenceScanner Scanning for api listing references
[2022-09-06 19:05:11.783] [INFO ] [main] com.springboot.api.ApiApplication Started ApiApplication in 4.272 seconds (JVM running for 4.863)
[2022-09-06 19:05:51.771] [INFO ] [http-nio-8080-exec-1] org.apache.catalina.core.ContainerBase.[Tomcat].[localhost].[/] Initializing Spring DispatcherServlet 'dispatcherServlet'
[2022-09-06 19:05:51.772] [INFO ] [http-nio-8080-exec-1] org.springframework.web.servlet.DispatcherServlet Initializing Servlet 'dispatcherServlet'
[2022-09-06 19:05:51.774] [INFO ] [http-nio-8080-exec-1] org.springframework.web.servlet.DispatcherServlet Completed initialization in 2 ms
[2022-09-06 19:05:51.812] [INFO ] [http-nio-8080-exec-1] com.springboot.api.controller.GetController @PathVariable 을 통해 들어온 값: HEHEHE
